2021-05-21 00:49:00,507 WARN received SIGINT indicating exit request
2021-05-21 00:49:10,696 WARN killing 'smarts' (10203) with SIGKILL
2021-05-21 00:52:15,982 WARN received SIGINT indicating exit request
2021-06-30 06:29:18,476 WARN Failed to clean up '/tmp/browser-stderr---supervisor-e49qe5_a.log'
2021-06-30 06:29:18,476 WARN Failed to clean up '/tmp/browser-stdout---supervisor-phmwrr5_.log'
2021-06-30 06:29:18,476 WARN Failed to clean up '/tmp/browser-stderr---supervisor-837ep9l2.log'
2021-06-30 06:29:18,476 WARN Failed to clean up '/tmp/browser-stdout---supervisor-k7_r5ev_.log'
2021-06-30 06:29:18,476 WARN Failed to clean up '/tmp/browser-stderr---supervisor-uwhjfxe7.log'
2021-06-30 06:29:18,476 WARN Failed to clean up '/tmp/browser-stdout---supervisor-8oeurdec.log'
2021-06-30 06:29:29,860 WARN received SIGINT indicating exit request
2021-06-30 06:44:11,290 WARN Failed to clean up '/tmp/browser-stderr---supervisor-e49qe5_a.log'
2021-06-30 06:44:11,290 WARN Failed to clean up '/tmp/browser-stdout---supervisor-phmwrr5_.log'
2021-06-30 06:44:11,290 WARN Failed to clean up '/tmp/browser-stderr---supervisor-837ep9l2.log'
2021-06-30 06:44:11,290 WARN Failed to clean up '/tmp/browser-stdout---supervisor-k7_r5ev_.log'
2021-06-30 06:44:11,290 WARN Failed to clean up '/tmp/browser-stderr---supervisor-uwhjfxe7.log'
2021-06-30 06:44:11,290 WARN Failed to clean up '/tmp/browser-stdout---supervisor-8oeurdec.log'
2021-06-30 06:44:32,370 WARN received SIGINT indicating exit request
2021-06-30 06:46:15,010 WARN Failed to clean up '/tmp/browser-stderr---supervisor-e49qe5_a.log'
2021-06-30 06:46:15,010 WARN Failed to clean up '/tmp/browser-stdout---supervisor-phmwrr5_.log'
2021-06-30 06:46:15,010 WARN Failed to clean up '/tmp/browser-stderr---supervisor-837ep9l2.log'
2021-06-30 06:46:15,010 WARN Failed to clean up '/tmp/browser-stdout---supervisor-k7_r5ev_.log'
2021-06-30 06:46:15,010 WARN Failed to clean up '/tmp/browser-stderr---supervisor-uwhjfxe7.log'
2021-06-30 06:46:15,010 WARN Failed to clean up '/tmp/browser-stdout---supervisor-8oeurdec.log'
2021-06-30 06:47:20,136 WARN received SIGINT indicating exit request
2021-06-30 06:47:22,138 WARN received SIGINT indicating exit request
2021-06-30 09:22:40,315 WARN Failed to clean up '/tmp/browser-stderr---supervisor-u946a3h6.log'
2021-06-30 09:22:40,328 WARN Failed to clean up '/tmp/browser-stdout---supervisor-9npg25l_.log'
2021-06-30 09:22:40,329 WARN Failed to clean up '/tmp/browser-stderr---supervisor-vro51azv.log'
2021-06-30 09:22:40,329 WARN Failed to clean up '/tmp/browser-stdout---supervisor-in_twe68.log'
2021-06-30 09:22:40,329 WARN Failed to clean up '/tmp/browser-stderr---supervisor-p2fc6u7d.log'
2021-06-30 09:22:40,329 WARN Failed to clean up '/tmp/browser-stdout---supervisor-qdw9kaj7.log'
2021-06-30 09:22:46,832 WARN received SIGINT indicating exit request
2021-06-30 10:05:38,486 WARN Failed to clean up '/tmp/browser-stderr---supervisor-u946a3h6.log'
2021-06-30 10:05:38,512 WARN Failed to clean up '/tmp/browser-stdout---supervisor-9npg25l_.log'
2021-06-30 10:05:38,513 WARN Failed to clean up '/tmp/browser-stderr---supervisor-vro51azv.log'
2021-06-30 10:05:38,513 WARN Failed to clean up '/tmp/browser-stdout---supervisor-in_twe68.log'
2021-06-30 10:05:38,513 WARN Failed to clean up '/tmp/browser-stderr---supervisor-p2fc6u7d.log'
2021-06-30 10:05:38,514 WARN Failed to clean up '/tmp/browser-stdout---supervisor-qdw9kaj7.log'
2021-06-30 10:05:56,008 WARN received SIGINT indicating exit request
2021-06-30 10:12:05,155 WARN Failed to clean up '/tmp/browser-stderr---supervisor-u946a3h6.log'
2021-06-30 10:12:05,181 WARN Failed to clean up '/tmp/browser-stdout---supervisor-9npg25l_.log'
2021-06-30 10:12:05,181 WARN Failed to clean up '/tmp/browser-stderr---supervisor-vro51azv.log'
2021-06-30 10:12:05,182 WARN Failed to clean up '/tmp/browser-stdout---supervisor-in_twe68.log'
2021-06-30 10:12:05,182 WARN Failed to clean up '/tmp/browser-stderr---supervisor-p2fc6u7d.log'
2021-06-30 10:12:05,182 WARN Failed to clean up '/tmp/browser-stdout---supervisor-qdw9kaj7.log'
2021-06-30 10:12:13,996 WARN received SIGINT indicating exit request
2021-06-30 10:14:09,882 WARN Failed to clean up '/tmp/browser-stderr---supervisor-u946a3h6.log'
2021-06-30 10:14:09,883 WARN Failed to clean up '/tmp/browser-stdout---supervisor-9npg25l_.log'
2021-06-30 10:14:09,883 WARN Failed to clean up '/tmp/browser-stderr---supervisor-vro51azv.log'
2021-06-30 10:14:09,883 WARN Failed to clean up '/tmp/browser-stdout---supervisor-in_twe68.log'
2021-06-30 10:14:09,883 WARN Failed to clean up '/tmp/browser-stderr---supervisor-p2fc6u7d.log'
2021-06-30 10:14:09,883 WARN Failed to clean up '/tmp/browser-stdout---supervisor-qdw9kaj7.log'
2021-06-30 10:14:22,910 WARN received SIGINT indicating exit request
2021-06-30 10:22:00,773 WARN Failed to clean up '/tmp/browser-stderr---supervisor-u946a3h6.log'
2021-06-30 10:22:00,793 WARN Failed to clean up '/tmp/browser-stdout---supervisor-9npg25l_.log'
2021-06-30 10:22:00,793 WARN Failed to clean up '/tmp/browser-stderr---supervisor-vro51azv.log'
2021-06-30 10:22:00,793 WARN Failed to clean up '/tmp/browser-stdout---supervisor-in_twe68.log'
2021-06-30 10:22:00,793 WARN Failed to clean up '/tmp/browser-stderr---supervisor-p2fc6u7d.log'
2021-06-30 10:22:00,793 WARN Failed to clean up '/tmp/browser-stdout---supervisor-qdw9kaj7.log'
2021-06-30 10:22:34,624 WARN received SIGINT indicating exit request
